[2021-07-13 15:02:47] local.ERROR: No application encryption key has been specified. {"exception":"[object] (RuntimeException(code: 0): No application encryption key has been specified. at /media/ahmad/Data/Working Stage/Coding Test/coding-test/vendor/laravel/framework/src/Illuminate/Encryption/EncryptionServiceProvider.php:80)
[stacktrace]
#0 /media/ahmad/Data/Working Stage/Coding Test/coding-test/vendor/laravel/framework/src/Illuminate/Support/helpers.php(422): Illuminate\\Encryption\\EncryptionServiceProvider->Illuminate\\Encryption\\{closure}()
#1 /media/ahmad/Data/Working Stage/Coding Test/coding-test/vendor/laravel/framework/src/Illuminate/Encryption/EncryptionServiceProvider.php(84): tap()
#2 /media/ahmad/Data/Working Stage/Coding Test/coding-test/vendor/laravel/framework/src/Illuminate/Encryption/EncryptionServiceProvider.php(61): Illuminate\\Encryption\\EncryptionServiceProvider->key()
#3 /media/ahmad/Data/Working Stage/Coding Test/coding-test/vendor/laravel/framework/src/Illuminate/Encryption/EncryptionServiceProvider.php(33): Illuminate\\Encryption\\EncryptionServiceProvider->parseKey()
#4 /media/ahmad/Data/Working Stage/Coding Test/coding-test/vendor/laravel/framework/src/Illuminate/Container/Container.php(799): Illuminate\\Encryption\\EncryptionServiceProvider->Illuminate\\Encryption\\{closure}()
#5 /media/ahmad/Data/Working Stage/Coding Test/coding-test/vendor/laravel/framework/src/Illuminate/Container/Container.php(681): Illuminate\\Container\\Container->build()
#6 /media/ahmad/Data/Working Stage/Coding Test/coding-test/vendor/laravel/framework/src/Illuminate/Foundation/Application.php(785): Illuminate\\Container\\Container->resolve()
#7 /media/ahmad/Data/Working Stage/Coding Test/coding-test/vendor/laravel/framework/src/Illuminate/Container/Container.php(629): Illuminate\\Foundation\\Application->resolve()
#8 /media/ahmad/Data/Working Stage/Coding Test/coding-test/vendor/laravel/framework/src/Illuminate/Foundation/Application.php(770): Illuminate\\Container\\Container->make()
#9 /media/ahmad/Data/Working Stage/Coding Test/coding-test/vendor/laravel/framework/src/Illuminate/Container/Container.php(945): Illuminate\\Foundation\\Application->make()
#10 /media/ahmad/Data/Working Stage/Coding Test/coding-test/vendor/laravel/framework/src/Illuminate/Container/Container.php(873): Illuminate\\Container\\Container->resolveClass()
#11 /media/ahmad/Data/Working Stage/Coding Test/coding-test/vendor/laravel/framework/src/Illuminate/Container/Container.php(834): Illuminate\\Container\\Container->resolveDependencies()
#12 /media/ahmad/Data/Working Stage/Coding Test/coding-test/vendor/laravel/framework/src/Illuminate/Container/Container.php(681): Illuminate\\Container\\Container->build()
#13 /media/ahmad/Data/Working Stage/Coding Test/coding-test/vendor/laravel/framework/src/Illuminate/Foundation/Application.php(785): Illuminate\\Container\\Container->resolve()
#14 /media/ahmad/Data/Working Stage/Coding Test/coding-test/vendor/laravel/framework/src/Illuminate/Container/Container.php(629): Illuminate\\Foundation\\Application->resolve()
#15 /media/ahmad/Data/Working Stage/Coding Test/coding-test/vendor/laravel/framework/src/Illuminate/Foundation/Application.php(770): Illuminate\\Container\\Container->make()
#16 /media/ahmad/Data/Working Stage/Coding Test/coding-test/vendor/laravel/framework/src/Illuminate/Pipeline/Pipeline.php(160): Illuminate\\Foundation\\Application->make()
#17 /media/ahmad/Data/Working Stage/Coding Test/coding-test/vendor/laravel/framework/src/Illuminate/Pipeline/Pipeline.php(105): Illuminate\\Pipeline\\Pipeline->Illuminate\\Pipeline\\{closure}()
#18 /media/ahmad/Data/Working Stage/Coding Test/coding-test/vendor/laravel/framework/src/Illuminate/Routing/Router.php(683): Illuminate\\Pipeline\\Pipeline->then()
#19 /media/ahmad/Data/Working Stage/Coding Test/coding-test/vendor/laravel/framework/src/Illuminate/Routing/Router.php(658): Illuminate\\Routing\\Router->runRouteWithinStack()
#20 /media/ahmad/Data/Working Stage/Coding Test/coding-test/vendor/laravel/framework/src/Illuminate/Routing/Router.php(624): Illuminate\\Routing\\Router->runRoute()
#21 /media/ahmad/Data/Working Stage/Coding Test/coding-test/vendor/laravel/framework/src/Illuminate/Routing/Router.php(613): Illuminate\\Routing\\Router->dispatchToRoute()
#22 /media/ahmad/Data/Working Stage/Coding Test/coding-test/vendor/laravel/framework/src/Illuminate/Foundation/Http/Kernel.php(170): Illuminate\\Routing\\Router->dispatch()
#23 /media/ahmad/Data/Working Stage/Coding Test/coding-test/vendor/laravel/framework/src/Illuminate/Pipeline/Pipeline.php(130): Illuminate\\Foundation\\Http\\Kernel->Illuminate\\Foundation\\Http\\{closure}()
#24 /media/ahmad/Data/Working Stage/Coding Test/coding-test/vendor/laravel/framework/src/Illuminate/Foundation/Http/Middleware/TransformsRequest.php(21): Illuminate\\Pipeline\\Pipeline->Illuminate\\Pipeline\\{closure}()
#25 /media/ahmad/Data/Working Stage/Coding Test/coding-test/vendor/laravel/framework/src/Illuminate/Pipeline/Pipeline.php(171): Illuminate\\Foundation\\Http\\Middleware\\TransformsRequest->handle()
#26 /media/ahmad/Data/Working Stage/Coding Test/coding-test/vendor/laravel/framework/src/Illuminate/Foundation/Http/Middleware/TransformsRequest.php(21): Illuminate\\Pipeline\\Pipeline->Illuminate\\Pipeline\\{closure}()
#27 /media/ahmad/Data/Working Stage/Coding Test/coding-test/vendor/laravel/framework/src/Illuminate/Pipeline/Pipeline.php(171): Illuminate\\Foundation\\Http\\Middleware\\TransformsRequest->handle()
#28 /media/ahmad/Data/Working Stage/Coding Test/coding-test/vendor/laravel/framework/src/Illuminate/Foundation/Http/Middleware/ValidatePostSize.php(27): Illuminate\\Pipeline\\Pipeline->Illuminate\\Pipeline\\{closure}()
#29 /media/ahmad/Data/Working Stage/Coding Test/coding-test/vendor/laravel/framework/src/Illuminate/Pipeline/Pipeline.php(171): Illuminate\\Foundation\\Http\\Middleware\\ValidatePostSize->handle()
#30 /media/ahmad/Data/Working Stage/Coding Test/coding-test/vendor/laravel/framework/src/Illuminate/Foundation/Http/Middleware/CheckForMaintenanceMode.php(63): Illuminate\\Pipeline\\Pipeline->Illuminate\\Pipeline\\{closure}()
#31 /media/ahmad/Data/Working Stage/Coding Test/coding-test/vendor/laravel/framework/src/Illuminate/Pipeline/Pipeline.php(171): Illuminate\\Foundation\\Http\\Middleware\\CheckForMaintenanceMode->handle()
#32 /media/ahmad/Data/Working Stage/Coding Test/coding-test/vendor/fideloper/proxy/src/TrustProxies.php(57): Illuminate\\Pipeline\\Pipeline->Illuminate\\Pipeline\\{closure}()
#33 /media/ahmad/Data/Working Stage/Coding Test/coding-test/vendor/laravel/framework/src/Illuminate/Pipeline/Pipeline.php(171): Fideloper\\Proxy\\TrustProxies->handle()
#34 /media/ahmad/Data/Working Stage/Coding Test/coding-test/vendor/laravel/framework/src/Illuminate/Pipeline/Pipeline.php(105): Illuminate\\Pipeline\\Pipeline->Illuminate\\Pipeline\\{closure}()
#35 /media/ahmad/Data/Working Stage/Coding Test/coding-test/vendor/laravel/framework/src/Illuminate/Foundation/Http/Kernel.php(145): Illuminate\\Pipeline\\Pipeline->then()
#36 /media/ahmad/Data/Working Stage/Coding Test/coding-test/vendor/laravel/framework/src/Illuminate/Foundation/Http/Kernel.php(110): Illuminate\\Foundation\\Http\\Kernel->sendRequestThroughRouter()
#37 /media/ahmad/Data/Working Stage/Coding Test/coding-test/public/index.php(55): Illuminate\\Foundation\\Http\\Kernel->handle()
#38 /media/ahmad/Data/Working Stage/Coding Test/coding-test/server.php(21): require_once('/media/ahmad/Da...')
#39 {main}
"} 
[2021-07-13 15:02:47] local.ERROR: No application encryption key has been specified. {"exception":"[object] (RuntimeException(code: 0): No application encryption key has been specified. at /media/ahmad/Data/Working Stage/Coding Test/coding-test/vendor/laravel/framework/src/Illuminate/Encryption/EncryptionServiceProvider.php:80)
[stacktrace]
#0 /media/ahmad/Data/Working Stage/Coding Test/coding-test/vendor/laravel/framework/src/Illuminate/Support/helpers.php(422): Illuminate\\Encryption\\EncryptionServiceProvider->Illuminate\\Encryption\\{closure}()
#1 /media/ahmad/Data/Working Stage/Coding Test/coding-test/vendor/laravel/framework/src/Illuminate/Encryption/EncryptionServiceProvider.php(84): tap()
#2 /media/ahmad/Data/Working Stage/Coding Test/coding-test/vendor/laravel/framework/src/Illuminate/Encryption/EncryptionServiceProvider.php(61): Illuminate\\Encryption\\EncryptionServiceProvider->key()
#3 /media/ahmad/Data/Working Stage/Coding Test/coding-test/vendor/laravel/framework/src/Illuminate/Encryption/EncryptionServiceProvider.php(33): Illuminate\\Encryption\\EncryptionServiceProvider->parseKey()
#4 /media/ahmad/Data/Working Stage/Coding Test/coding-test/vendor/laravel/framework/src/Illuminate/Container/Container.php(799): Illuminate\\Encryption\\EncryptionServiceProvider->Illuminate\\Encryption\\{closure}()
#5 /media/ahmad/Data/Working Stage/Coding Test/coding-test/vendor/laravel/framework/src/Illuminate/Container/Container.php(681): Illuminate\\Container\\Container->build()
#6 /media/ahmad/Data/Working Stage/Coding Test/coding-test/vendor/laravel/framework/src/Illuminate/Foundation/Application.php(785): Illuminate\\Container\\Container->resolve()
#7 /media/ahmad/Data/Working Stage/Coding Test/coding-test/vendor/laravel/framework/src/Illuminate/Container/Container.php(629): Illuminate\\Foundation\\Application->resolve()
#8 /media/ahmad/Data/Working Stage/Coding Test/coding-test/vendor/laravel/framework/src/Illuminate/Foundation/Application.php(770): Illuminate\\Container\\Container->make()
#9 /media/ahmad/Data/Working Stage/Coding Test/coding-test/vendor/laravel/framework/src/Illuminate/Container/Container.php(945): Illuminate\\Foundation\\Application->make()
#10 /media/ahmad/Data/Working Stage/Coding Test/coding-test/vendor/laravel/framework/src/Illuminate/Container/Container.php(873): Illuminate\\Container\\Container->resolveClass()
#11 /media/ahmad/Data/Working Stage/Coding Test/coding-test/vendor/laravel/framework/src/Illuminate/Container/Container.php(834): Illuminate\\Container\\Container->resolveDependencies()
#12 /media/ahmad/Data/Working Stage/Coding Test/coding-test/vendor/laravel/framework/src/Illuminate/Container/Container.php(681): Illuminate\\Container\\Container->build()
#13 /media/ahmad/Data/Working Stage/Coding Test/coding-test/vendor/laravel/framework/src/Illuminate/Foundation/Application.php(785): Illuminate\\Container\\Container->resolve()
#14 /media/ahmad/Data/Working Stage/Coding Test/coding-test/vendor/laravel/framework/src/Illuminate/Container/Container.php(629): Illuminate\\Foundation\\Application->resolve()
#15 /media/ahmad/Data/Working Stage/Coding Test/coding-test/vendor/laravel/framework/src/Illuminate/Foundation/Application.php(770): Illuminate\\Container\\Container->make()
#16 /media/ahmad/Data/Working Stage/Coding Test/coding-test/vendor/laravel/framework/src/Illuminate/Foundation/Http/Kernel.php(209): Illuminate\\Foundation\\Application->make()
#17 /media/ahmad/Data/Working Stage/Coding Test/coding-test/vendor/laravel/framework/src/Illuminate/Foundation/Http/Kernel.php(183): Illuminate\\Foundation\\Http\\Kernel->terminateMiddleware()
#18 /media/ahmad/Data/Working Stage/Coding Test/coding-test/public/index.php(60): Illuminate\\Foundation\\Http\\Kernel->terminate()
#19 /media/ahmad/Data/Working Stage/Coding Test/coding-test/server.php(21): require_once('/media/ahmad/Da...')
#20 {main}
"} 
[2021-07-13 15:02:51] local.ERROR: No application encryption key has been specified. {"exception":"[object] (RuntimeException(code: 0): No application encryption key has been specified. at /media/ahmad/Data/Working Stage/Coding Test/coding-test/vendor/laravel/framework/src/Illuminate/Encryption/EncryptionServiceProvider.php:80)
[stacktrace]
#0 /media/ahmad/Data/Working Stage/Coding Test/coding-test/vendor/laravel/framework/src/Illuminate/Support/helpers.php(422): Illuminate\\Encryption\\EncryptionServiceProvider->Illuminate\\Encryption\\{closure}()
#1 /media/ahmad/Data/Working Stage/Coding Test/coding-test/vendor/laravel/framework/src/Illuminate/Encryption/EncryptionServiceProvider.php(84): tap()
#2 /media/ahmad/Data/Working Stage/Coding Test/coding-test/vendor/laravel/framework/src/Illuminate/Encryption/EncryptionServiceProvider.php(61): Illuminate\\Encryption\\EncryptionServiceProvider->key()
#3 /media/ahmad/Data/Working Stage/Coding Test/coding-test/vendor/laravel/framework/src/Illuminate/Encryption/EncryptionServiceProvider.php(33): Illuminate\\Encryption\\EncryptionServiceProvider->parseKey()
#4 /media/ahmad/Data/Working Stage/Coding Test/coding-test/vendor/laravel/framework/src/Illuminate/Container/Container.php(799): Illuminate\\Encryption\\EncryptionServiceProvider->Illuminate\\Encryption\\{closure}()
#5 /media/ahmad/Data/Working Stage/Coding Test/coding-test/vendor/laravel/framework/src/Illuminate/Container/Container.php(681): Illuminate\\Container\\Container->build()
#6 /media/ahmad/Data/Working Stage/Coding Test/coding-test/vendor/laravel/framework/src/Illuminate/Foundation/Application.php(785): Illuminate\\Container\\Container->resolve()
#7 /media/ahmad/Data/Working Stage/Coding Test/coding-test/vendor/laravel/framework/src/Illuminate/Container/Container.php(629): Illuminate\\Foundation\\Application->resolve()
#8 /media/ahmad/Data/Working Stage/Coding Test/coding-test/vendor/laravel/framework/src/Illuminate/Foundation/Application.php(770): Illuminate\\Container\\Container->make()
#9 /media/ahmad/Data/Working Stage/Coding Test/coding-test/vendor/laravel/framework/src/Illuminate/Container/Container.php(945): Illuminate\\Foundation\\Application->make()
#10 /media/ahmad/Data/Working Stage/Coding Test/coding-test/vendor/laravel/framework/src/Illuminate/Container/Container.php(873): Illuminate\\Container\\Container->resolveClass()
#11 /media/ahmad/Data/Working Stage/Coding Test/coding-test/vendor/laravel/framework/src/Illuminate/Container/Container.php(834): Illuminate\\Container\\Container->resolveDependencies()
#12 /media/ahmad/Data/Working Stage/Coding Test/coding-test/vendor/laravel/framework/src/Illuminate/Container/Container.php(681): Illuminate\\Container\\Container->build()
#13 /media/ahmad/Data/Working Stage/Coding Test/coding-test/vendor/laravel/framework/src/Illuminate/Foundation/Application.php(785): Illuminate\\Container\\Container->resolve()
#14 /media/ahmad/Data/Working Stage/Coding Test/coding-test/vendor/laravel/framework/src/Illuminate/Container/Container.php(629): Illuminate\\Foundation\\Application->resolve()
#15 /media/ahmad/Data/Working Stage/Coding Test/coding-test/vendor/laravel/framework/src/Illuminate/Foundation/Application.php(770): Illuminate\\Container\\Container->make()
#16 /media/ahmad/Data/Working Stage/Coding Test/coding-test/vendor/laravel/framework/src/Illuminate/Pipeline/Pipeline.php(160): Illuminate\\Foundation\\Application->make()
#17 /media/ahmad/Data/Working Stage/Coding Test/coding-test/vendor/laravel/framework/src/Illuminate/Pipeline/Pipeline.php(105): Illuminate\\Pipeline\\Pipeline->Illuminate\\Pipeline\\{closure}()
#18 /media/ahmad/Data/Working Stage/Coding Test/coding-test/vendor/laravel/framework/src/Illuminate/Routing/Router.php(683): Illuminate\\Pipeline\\Pipeline->then()
#19 /media/ahmad/Data/Working Stage/Coding Test/coding-test/vendor/laravel/framework/src/Illuminate/Routing/Router.php(658): Illuminate\\Routing\\Router->runRouteWithinStack()
#20 /media/ahmad/Data/Working Stage/Coding Test/coding-test/vendor/laravel/framework/src/Illuminate/Routing/Router.php(624): Illuminate\\Routing\\Router->runRoute()
#21 /media/ahmad/Data/Working Stage/Coding Test/coding-test/vendor/laravel/framework/src/Illuminate/Routing/Router.php(613): Illuminate\\Routing\\Router->dispatchToRoute()
#22 /media/ahmad/Data/Working Stage/Coding Test/coding-test/vendor/laravel/framework/src/Illuminate/Foundation/Http/Kernel.php(170): Illuminate\\Routing\\Router->dispatch()
#23 /media/ahmad/Data/Working Stage/Coding Test/coding-test/vendor/laravel/framework/src/Illuminate/Pipeline/Pipeline.php(130): Illuminate\\Foundation\\Http\\Kernel->Illuminate\\Foundation\\Http\\{closure}()
#24 /media/ahmad/Data/Working Stage/Coding Test/coding-test/vendor/laravel/framework/src/Illuminate/Foundation/Http/Middleware/TransformsRequest.php(21): Illuminate\\Pipeline\\Pipeline->Illuminate\\Pipeline\\{closure}()
#25 /media/ahmad/Data/Working Stage/Coding Test/coding-test/vendor/laravel/framework/src/Illuminate/Pipeline/Pipeline.php(171): Illuminate\\Foundation\\Http\\Middleware\\TransformsRequest->handle()
#26 /media/ahmad/Data/Working Stage/Coding Test/coding-test/vendor/laravel/framework/src/Illuminate/Foundation/Http/Middleware/TransformsRequest.php(21): Illuminate\\Pipeline\\Pipeline->Illuminate\\Pipeline\\{closure}()
#27 /media/ahmad/Data/Working Stage/Coding Test/coding-test/vendor/laravel/framework/src/Illuminate/Pipeline/Pipeline.php(171): Illuminate\\Foundation\\Http\\Middleware\\TransformsRequest->handle()
#28 /media/ahmad/Data/Working Stage/Coding Test/coding-test/vendor/laravel/framework/src/Illuminate/Foundation/Http/Middleware/ValidatePostSize.php(27): Illuminate\\Pipeline\\Pipeline->Illuminate\\Pipeline\\{closure}()
#29 /media/ahmad/Data/Working Stage/Coding Test/coding-test/vendor/laravel/framework/src/Illuminate/Pipeline/Pipeline.php(171): Illuminate\\Foundation\\Http\\Middleware\\ValidatePostSize->handle()
#30 /media/ahmad/Data/Working Stage/Coding Test/coding-test/vendor/laravel/framework/src/Illuminate/Foundation/Http/Middleware/CheckForMaintenanceMode.php(63): Illuminate\\Pipeline\\Pipeline->Illuminate\\Pipeline\\{closure}()
#31 /media/ahmad/Data/Working Stage/Coding Test/coding-test/vendor/laravel/framework/src/Illuminate/Pipeline/Pipeline.php(171): Illuminate\\Foundation\\Http\\Middleware\\CheckForMaintenanceMode->handle()
#32 /media/ahmad/Data/Working Stage/Coding Test/coding-test/vendor/fideloper/proxy/src/TrustProxies.php(57): Illuminate\\Pipeline\\Pipeline->Illuminate\\Pipeline\\{closure}()
#33 /media/ahmad/Data/Working Stage/Coding Test/coding-test/vendor/laravel/framework/src/Illuminate/Pipeline/Pipeline.php(171): Fideloper\\Proxy\\TrustProxies->handle()
#34 /media/ahmad/Data/Working Stage/Coding Test/coding-test/vendor/laravel/framework/src/Illuminate/Pipeline/Pipeline.php(105): Illuminate\\Pipeline\\Pipeline->Illuminate\\Pipeline\\{closure}()
#35 /media/ahmad/Data/Working Stage/Coding Test/coding-test/vendor/laravel/framework/src/Illuminate/Foundation/Http/Kernel.php(145): Illuminate\\Pipeline\\Pipeline->then()
#36 /media/ahmad/Data/Working Stage/Coding Test/coding-test/vendor/laravel/framework/src/Illuminate/Foundation/Http/Kernel.php(110): Illuminate\\Foundation\\Http\\Kernel->sendRequestThroughRouter()
#37 /media/ahmad/Data/Working Stage/Coding Test/coding-test/public/index.php(55): Illuminate\\Foundation\\Http\\Kernel->handle()
#38 /media/ahmad/Data/Working Stage/Coding Test/coding-test/server.php(21): require_once('/media/ahmad/Da...')
#39 {main}
"} 
[2021-07-13 15:02:51] local.ERROR: No application encryption key has been specified. {"exception":"[object] (RuntimeException(code: 0): No application encryption key has been specified. at /media/ahmad/Data/Working Stage/Coding Test/coding-test/vendor/laravel/framework/src/Illuminate/Encryption/EncryptionServiceProvider.php:80)
[stacktrace]
#0 /media/ahmad/Data/Working Stage/Coding Test/coding-test/vendor/laravel/framework/src/Illuminate/Support/helpers.php(422): Illuminate\\Encryption\\EncryptionServiceProvider->Illuminate\\Encryption\\{closure}()
#1 /media/ahmad/Data/Working Stage/Coding Test/coding-test/vendor/laravel/framework/src/Illuminate/Encryption/EncryptionServiceProvider.php(84): tap()
#2 /media/ahmad/Data/Working Stage/Coding Test/coding-test/vendor/laravel/framework/src/Illuminate/Encryption/EncryptionServiceProvider.php(61): Illuminate\\Encryption\\EncryptionServiceProvider->key()
#3 /media/ahmad/Data/Working Stage/Coding Test/coding-test/vendor/laravel/framework/src/Illuminate/Encryption/EncryptionServiceProvider.php(33): Illuminate\\Encryption\\EncryptionServiceProvider->parseKey()
#4 /media/ahmad/Data/Working Stage/Coding Test/coding-test/vendor/laravel/framework/src/Illuminate/Container/Container.php(799): Illuminate\\Encryption\\EncryptionServiceProvider->Illuminate\\Encryption\\{closure}()
#5 /media/ahmad/Data/Working Stage/Coding Test/coding-test/vendor/laravel/framework/src/Illuminate/Container/Container.php(681): Illuminate\\Container\\Container->build()
#6 /media/ahmad/Data/Working Stage/Coding Test/coding-test/vendor/laravel/framework/src/Illuminate/Foundation/Application.php(785): Illuminate\\Container\\Container->resolve()
#7 /media/ahmad/Data/Working Stage/Coding Test/coding-test/vendor/laravel/framework/src/Illuminate/Container/Container.php(629): Illuminate\\Foundation\\Application->resolve()
#8 /media/ahmad/Data/Working Stage/Coding Test/coding-test/vendor/laravel/framework/src/Illuminate/Foundation/Application.php(770): Illuminate\\Container\\Container->make()
#9 /media/ahmad/Data/Working Stage/Coding Test/coding-test/vendor/laravel/framework/src/Illuminate/Container/Container.php(945): Illuminate\\Foundation\\Application->make()
#10 /media/ahmad/Data/Working Stage/Coding Test/coding-test/vendor/laravel/framework/src/Illuminate/Container/Container.php(873): Illuminate\\Container\\Container->resolveClass()
#11 /media/ahmad/Data/Working Stage/Coding Test/coding-test/vendor/laravel/framework/src/Illuminate/Container/Container.php(834): Illuminate\\Container\\Container->resolveDependencies()
#12 /media/ahmad/Data/Working Stage/Coding Test/coding-test/vendor/laravel/framework/src/Illuminate/Container/Container.php(681): Illuminate\\Container\\Container->build()
#13 /media/ahmad/Data/Working Stage/Coding Test/coding-test/vendor/laravel/framework/src/Illuminate/Foundation/Application.php(785): Illuminate\\Container\\Container->resolve()
#14 /media/ahmad/Data/Working Stage/Coding Test/coding-test/vendor/laravel/framework/src/Illuminate/Container/Container.php(629): Illuminate\\Foundation\\Application->resolve()
#15 /media/ahmad/Data/Working Stage/Coding Test/coding-test/vendor/laravel/framework/src/Illuminate/Foundation/Application.php(770): Illuminate\\Container\\Container->make()
#16 /media/ahmad/Data/Working Stage/Coding Test/coding-test/vendor/laravel/framework/src/Illuminate/Foundation/Http/Kernel.php(209): Illuminate\\Foundation\\Application->make()
#17 /media/ahmad/Data/Working Stage/Coding Test/coding-test/vendor/laravel/framework/src/Illuminate/Foundation/Http/Kernel.php(183): Illuminate\\Foundation\\Http\\Kernel->terminateMiddleware()
#18 /media/ahmad/Data/Working Stage/Coding Test/coding-test/public/index.php(60): Illuminate\\Foundation\\Http\\Kernel->terminate()
#19 /media/ahmad/Data/Working Stage/Coding Test/coding-test/server.php(21): require_once('/media/ahmad/Da...')
#20 {main}
"} 
